Started at Tue Mar 01 13:07:54 UTC 2022
Processing c-project
Offering c-project to Project Build Discarder
Processing calendar
Offering calendar to Project Build Discarder
Processing java-project
Offering java-project to Project Build Discarder
Processing calendar/dev.outlook.com:java-calendar-demo
Offering calendar/dev.outlook.com:java-calendar-demo to Project Build Discarder
Finished at Tue Mar 01 13:07:54 UTC 2022. 5ms
Started at Tue Mar 01 14:07:54 UTC 2022
Processing c-project
Offering c-project to Project Build Discarder
Processing calendar
Offering calendar to Project Build Discarder
Processing java-project
Offering java-project to Project Build Discarder
Processing calendar/dev.outlook.com:java-calendar-demo
Offering calendar/dev.outlook.com:java-calendar-demo to Project Build Discarder
Finished at Tue Mar 01 14:07:54 UTC 2022. 2ms
Started at Tue Mar 01 15:07:54 UTC 2022
Processing c-project
Offering c-project to Project Build Discarder
Processing calendar
Offering calendar to Project Build Discarder
Processing java-project
Offering java-project to Project Build Discarder
Processing calendar/dev.outlook.com:java-calendar-demo
Offering calendar/dev.outlook.com:java-calendar-demo to Project Build Discarder
Finished at Tue Mar 01 15:07:54 UTC 2022. 1ms
Started at Tue Mar 01 16:07:54 UTC 2022
Processing c-project
Offering c-project to Project Build Discarder
Processing calendar
Offering calendar to Project Build Discarder
Processing java-project
Offering java-project to Project Build Discarder
Processing calendar/dev.outlook.com:java-calendar-demo
Offering calendar/dev.outlook.com:java-calendar-demo to Project Build Discarder
Finished at Tue Mar 01 16:07:54 UTC 2022. 0ms
